INFO 2024-01-15 15:07:46,368 autoreload Watching for file changes with StatReloader
WARNING 2024-01-15 15:11:14,004 log Unauthorized: /mbschool/students/
WARNING 2024-01-15 15:22:12,284 log Unauthorized: /mbschool/students/
WARNING 2024-01-15 15:22:12,286 log Unauthorized: /mbschool/students/
WARNING 2024-01-15 15:22:40,354 log Unauthorized: /mbschool/students/
WARNING 2024-01-15 16:23:46,129 log Unauthorized: /mbschool/students/
WARNING 2024-01-15 16:24:47,768 log Unauthorized: /mbschool/students/
ERROR 2024-01-15 17:50:57,622 views No Records
WARNING 2024-01-15 17:50:57,623 log Not Found: /mbschool/teachers/
ERROR 2024-01-15 17:52:36,666 views No Records
WARNING 2024-01-15 17:52:36,666 log Not Found: /mbschool/teachers/
ERROR 2024-01-15 17:55:46,382 views No Records
WARNING 2024-01-15 17:55:46,382 log Not Found: /mbschool/teachers/
ERROR 2024-01-15 17:58:04,513 views No Records
WARNING 2024-01-15 17:58:04,513 log Not Found: /mbschool/teachers/
ERROR 2024-01-15 17:58:33,562 views No Records
WARNING 2024-01-15 17:58:33,562 log Not Found: /mbschool/teachers/
INFO 2024-01-15 18:02:17,145 autoreload Watching for file changes with StatReloader
INFO 2024-01-15 18:08:17,767 basehttp "GET /admin HTTP/1.1" 301 0
INFO 2024-01-15 18:08:17,836 basehttp "GET /admin/ HTTP/1.1" 302 0
INFO 2024-01-15 18:08:17,913 basehttp "GET /admin/login/?next=/admin/ HTTP/1.1" 200 4158
INFO 2024-01-15 18:08:18,243 basehttp "GET /static/admin/css/base.css HTTP/1.1" 200 21544
INFO 2024-01-15 18:08:18,250 basehttp "GET /static/admin/js/nav_sidebar.js HTTP/1.1" 200 3063
INFO 2024-01-15 18:08:18,296 basehttp "GET /static/admin/css/nav_sidebar.css HTTP/1.1" 200 2810
INFO 2024-01-15 18:08:18,297 basehttp "GET /static/admin/css/dark_mode.css HTTP/1.1" 200 2682
INFO 2024-01-15 18:08:18,301 basehttp "GET /static/admin/js/theme.js HTTP/1.1" 200 1943
INFO 2024-01-15 18:08:18,304 basehttp "GET /static/admin/css/responsive.css HTTP/1.1" 200 17905
INFO 2024-01-15 18:08:18,306 basehttp "GET /static/admin/css/login.css HTTP/1.1" 200 958
WARNING 2024-01-15 18:08:18,375 log Not Found: /favicon.ico
WARNING 2024-01-15 18:08:18,375 basehttp "GET /favicon.ico HTTP/1.1" 404 2324
INFO 2024-01-15 18:08:29,816 basehttp "POST /admin/login/?next=/admin/ HTTP/1.1" 302 0
INFO 2024-01-15 18:08:29,857 basehttp "GET /admin/ HTTP/1.1" 200 8161
INFO 2024-01-15 18:08:29,871 basehttp "GET /static/admin/css/dashboard.css HTTP/1.1" 200 441
INFO 2024-01-15 18:08:29,879 basehttp "GET /static/admin/img/icon-addlink.svg HTTP/1.1" 200 331
INFO 2024-01-15 18:08:29,879 basehttp "GET /static/admin/img/icon-changelink.svg HTTP/1.1" 200 380
INFO 2024-01-15 18:08:44,100 basehttp "GET /mbschool/students HTTP/1.1" 301 0
INFO 2024-01-15 18:08:44,169 basehttp "GET /mbschool/students/ HTTP/1.1" 200 12382
INFO 2024-01-15 18:08:44,188 basehttp "GET /static/rest_framework/css/bootstrap.min.css HTTP/1.1" 200 121457
INFO 2024-01-15 18:08:44,199 basehttp "GET /static/rest_framework/css/default.css HTTP/1.1" 200 1152
INFO 2024-01-15 18:08:44,199 basehttp "GET /static/rest_framework/css/bootstrap-tweaks.css HTTP/1.1" 200 3385
INFO 2024-01-15 18:08:44,200 basehttp "GET /static/rest_framework/js/csrf.js HTTP/1.1" 200 1719
INFO 2024-01-15 18:08:44,200 basehttp "GET /static/rest_framework/css/prettify.css HTTP/1.1" 200 817
INFO 2024-01-15 18:08:44,200 basehttp "GET /static/rest_framework/js/ajax-form.js HTTP/1.1" 200 3597
INFO 2024-01-15 18:08:44,204 basehttp "GET /static/rest_framework/js/jquery-3.5.1.min.js HTTP/1.1" 200 89476
INFO 2024-01-15 18:08:44,206 basehttp "GET /static/rest_framework/js/default.js HTTP/1.1" 200 1268
INFO 2024-01-15 18:08:44,206 basehttp "GET /static/rest_framework/js/prettify-min.js HTTP/1.1" 200 13632
INFO 2024-01-15 18:08:44,207 basehttp "GET /static/rest_framework/js/bootstrap.min.js HTTP/1.1" 200 39680
INFO 2024-01-15 18:08:44,218 basehttp "GET /static/rest_framework/img/grid.png HTTP/1.1" 200 1458
INFO 2024-01-15 18:09:55,509 basehttp "GET /mbschool/students/ HTTP/1.1" 200 1786
INFO 2024-01-15 18:10:12,565 basehttp "GET /mbschool/teachers/ HTTP/1.1" 200 1791
ERROR 2024-01-15 18:11:34,930 views No Records
WARNING 2024-01-15 18:11:34,930 log Not Found: /mbschool/teachers/
ERROR 2024-01-15 18:17:04,300 views No Records
WARNING 2024-01-15 18:17:04,300 log Not Found: /mbschool/teachers/
INFO 2024-01-15 18:37:22,261 views Input - <QueryDict: {'student_name': ['gogo'], 'student_email': ['gogo@example.com']}>
ERROR 2024-01-15 18:37:22,261 views An unexpected error occurred - This QueryDict instance is immutable
ERROR 2024-01-15 18:37:22,262 log Internal Server Error: /mbschool/students/
INFO 2024-01-15 18:41:19,328 views Input - <QueryDict: {'student_name': ['gogo'], 'student_email': ['gogo@example.com']}>
ERROR 2024-01-15 18:41:19,328 views An unexpected error occurred - This QueryDict instance is immutable
ERROR 2024-01-15 18:41:19,329 log Internal Server Error: /mbschool/students/
INFO 2024-01-15 18:45:43,089 views Input - <QueryDict: {'student_name': ['&^%$#'], 'student_email': ['gogo@example.com']}>
ERROR 2024-01-15 18:45:43,089 views An unexpected error occurred - This QueryDict instance is immutable
ERROR 2024-01-15 18:45:43,089 log Internal Server Error: /mbschool/students/
INFO 2024-01-15 18:53:10,149 views Input - <QueryDict: {'student_name': ['&^%$#'], 'student_email': ['gogo@example.com']}>
ERROR 2024-01-15 18:53:10,149 views An unexpected error occurred - This QueryDict instance is immutable
ERROR 2024-01-15 18:53:10,149 log Internal Server Error: /mbschool/students/
INFO 2024-01-15 18:56:12,966 views Input - <QueryDict: {'student_name': ['gogo'], 'student_email': ['gogo@example.com']}>
ERROR 2024-01-15 18:56:12,966 views An unexpected error occurred - This QueryDict instance is immutable
ERROR 2024-01-15 18:56:12,966 log Internal Server Error: /mbschool/students/
INFO 2024-01-15 19:15:59,410 views Input - <QueryDict: {'student_name': ['gogo'], 'student_email': ['gogo@example.com']}>
ERROR 2024-01-15 19:15:59,410 views An unexpected error occurred - This QueryDict instance is immutable
ERROR 2024-01-15 19:15:59,410 log Internal Server Error: /mbschool/students/
INFO 2024-01-15 19:16:53,869 views Input - <QueryDict: {'student_name': ['gogo'], 'student_email': ['gogo@example.com']}>
ERROR 2024-01-15 19:16:53,870 views An unexpected error occurred - This QueryDict instance is immutable
ERROR 2024-01-15 19:16:53,870 log Internal Server Error: /mbschool/students/
INFO 2024-01-15 19:26:29,873 views Input - <QueryDict: {}>
ERROR 2024-01-15 19:26:29,873 views An unexpected error occurred - This QueryDict instance is immutable
ERROR 2024-01-15 19:26:29,874 log Internal Server Error: /mbschool/students/
INFO 2024-01-15 19:28:23,382 views Input - <QueryDict: {}>
ERROR 2024-01-15 19:28:23,382 views An unexpected error occurred - This QueryDict instance is immutable
ERROR 2024-01-15 19:28:23,383 log Internal Server Error: /mbschool/students/
INFO 2024-01-15 19:32:07,476 views Input - <QueryDict: {'course_name': ['azure']}>
INFO 2024-01-15 19:32:07,483 views Input - <QueryDict: {}>
ERROR 2024-01-15 19:32:07,483 views An unexpected error occurred - This QueryDict instance is immutable
ERROR 2024-01-15 19:32:07,483 log Internal Server Error: /mbschool/students/
INFO 2024-01-15 19:32:25,429 views Input - <QueryDict: {'course_name': ['azure']}>
INFO 2024-01-15 19:32:25,436 views Input - <QueryDict: {}>
ERROR 2024-01-15 19:32:25,436 views An unexpected error occurred - This QueryDict instance is immutable
ERROR 2024-01-15 19:32:25,436 log Internal Server Error: /mbschool/students/
INFO 2024-01-15 19:33:46,179 views Input - <QueryDict: {'course_name': ['azure']}>
INFO 2024-01-15 19:33:46,185 views Input - <QueryDict: {'student_name': ['gogo'], 'student_email': ['gogo@example.com']}>
ERROR 2024-01-15 19:33:46,185 views An unexpected error occurred - This QueryDict instance is immutable
ERROR 2024-01-15 19:33:46,185 log Internal Server Error: /mbschool/students/
INFO 2024-01-15 19:38:05,679 views Input - <QueryDict: {'course_name': ['azure']}>
INFO 2024-01-15 19:38:05,685 views Input - <QueryDict: {'student_name': ['gogo'], 'student_email': ['gogo@example.com']}>
ERROR 2024-01-15 19:38:05,685 views An unexpected error occurred - This QueryDict instance is immutable
ERROR 2024-01-15 19:38:05,685 log Internal Server Error: /mbschool/students/
INFO 2024-01-15 19:40:04,755 views Input - <QueryDict: {'course_name': ['azure']}>
INFO 2024-01-15 19:40:04,761 views Input - <QueryDict: {'student_name': ['gogo'], 'student_email': ['gogo@example.com'], 'enrolled_year': ['2024-10-09'], 'student_status': ['True']}>
ERROR 2024-01-15 19:40:04,761 views An unexpected error occurred - This QueryDict instance is immutable
ERROR 2024-01-15 19:40:04,762 log Internal Server Error: /mbschool/students/
INFO 2024-01-15 19:45:09,017 views Input - <QueryDict: {'course_name': ['azure']}>
INFO 2024-01-15 19:45:09,024 views Input - <QueryDict: {'student_name': ['gogo'], 'student_email': ['gogo@example.com']}>
ERROR 2024-01-15 19:45:09,024 views An unexpected error occurred - This QueryDict instance is immutable
ERROR 2024-01-15 19:45:09,024 log Internal Server Error: /mbschool/students/
INFO 2024-01-15 19:49:08,167 autoreload Watching for file changes with StatReloader
INFO 2024-01-15 19:49:14,079 views Input - {'student_name': 'gauhar', 'student_email': 'gauhar@example.com'}
ERROR 2024-01-15 19:49:14,079 views An unexpected error occurred - 'id'
ERROR 2024-01-15 19:49:14,080 log Internal Server Error: /mbschool/students/
ERROR 2024-01-15 19:49:14,080 basehttp "POST /mbschool/students/ HTTP/1.1" 500 47
INFO 2024-01-15 19:49:44,847 autoreload D:\school_management\school\mbschool\serializer.py changed, reloading.
INFO 2024-01-15 19:49:45,717 autoreload Watching for file changes with StatReloader
INFO 2024-01-15 19:49:49,027 views Input - {'student_name': 'gauhar', 'student_email': 'gauhar@example.com'}
ERROR 2024-01-15 19:49:49,028 views An unexpected error occurred - 'id'
ERROR 2024-01-15 19:49:49,028 log Internal Server Error: /mbschool/students/
ERROR 2024-01-15 19:49:49,029 basehttp "POST /mbschool/students/ HTTP/1.1" 500 47
INFO 2024-01-15 19:50:34,856 autoreload D:\school_management\school\mbschool\serializer.py changed, reloading.
INFO 2024-01-15 19:50:35,737 autoreload Watching for file changes with StatReloader
INFO 2024-01-15 19:50:37,631 views Input - {'student_name': 'gauhar', 'student_email': 'gauhar@example.com'}
ERROR 2024-01-15 19:50:37,632 views An unexpected error occurred - 'id'
ERROR 2024-01-15 19:50:37,633 log Internal Server Error: /mbschool/students/
ERROR 2024-01-15 19:50:37,633 basehttp "POST /mbschool/students/ HTTP/1.1" 500 47
INFO 2024-01-15 19:51:24,032 basehttp "GET /mbschool/students/ HTTP/1.1" 200 2322
INFO 2024-01-15 19:52:30,730 autoreload D:\school_management\school\mbschool\serializer.py changed, reloading.
INFO 2024-01-15 19:52:31,582 autoreload Watching for file changes with StatReloader
INFO 2024-01-15 19:52:46,774 basehttp "GET /mbschool/students/ HTTP/1.1" 200 1786
INFO 2024-01-15 19:54:09,450 views Input - {'student_name': 'gauhar', 'student_email': 'gauhar@example.com'}
ERROR 2024-01-15 19:54:09,450 views An unexpected error occurred - 'id'
ERROR 2024-01-15 19:54:09,451 log Internal Server Error: /mbschool/students/
ERROR 2024-01-15 19:54:09,451 basehttp "POST /mbschool/students/ HTTP/1.1" 500 47
INFO 2024-01-15 19:55:37,823 autoreload D:\school_management\school\mbschool\serializer.py changed, reloading.
INFO 2024-01-15 19:55:38,665 autoreload Watching for file changes with StatReloader
INFO 2024-01-15 19:55:39,084 views Input - {'student_name': 'gauhar', 'student_email': 'gauhar@example.com'}
ERROR 2024-01-15 19:55:39,084 views An unexpected error occurred - 'id'
ERROR 2024-01-15 19:55:39,084 log Internal Server Error: /mbschool/students/
ERROR 2024-01-15 19:55:39,085 basehttp "POST /mbschool/students/ HTTP/1.1" 500 47
INFO 2024-01-15 22:55:13,904 autoreload Watching for file changes with StatReloader
INFO 2024-01-15 22:55:19,969 views Input - {'student_name': 'gauhar', 'student_email': 'gauhar@example.com'}
ERROR 2024-01-15 22:55:19,970 views An unexpected error occurred - 'id'
ERROR 2024-01-15 22:55:19,970 log Internal Server Error: /mbschool/students/
ERROR 2024-01-15 22:55:19,971 basehttp "POST /mbschool/students/ HTTP/1.1" 500 47
INFO 2024-01-15 22:55:57,893 autoreload D:\school_management\school\mbschool\serializer.py changed, reloading.
INFO 2024-01-15 22:55:58,711 autoreload Watching for file changes with StatReloader
INFO 2024-01-15 22:56:03,716 views Input - {'student_name': 'gauhar', 'student_email': 'gauhar@example.com'}
ERROR 2024-01-15 22:56:03,716 views An unexpected error occurred - 'id'
ERROR 2024-01-15 22:56:03,717 log Internal Server Error: /mbschool/students/
ERROR 2024-01-15 22:56:03,718 basehttp "POST /mbschool/students/ HTTP/1.1" 500 47
INFO 2024-01-15 22:57:33,282 autoreload D:\school_management\school\mbschool\views.py changed, reloading.
INFO 2024-01-15 22:57:34,061 autoreload Watching for file changes with StatReloader
INFO 2024-01-15 22:57:38,534 views Input - {'student_name': 'gauhar', 'student_email': 'gauhar@example.com'}
ERROR 2024-01-15 22:57:38,534 views An unexpected error occurred - 'id'
ERROR 2024-01-15 22:57:38,535 log Internal Server Error: /mbschool/students/
ERROR 2024-01-15 22:57:38,535 basehttp "POST /mbschool/students/ HTTP/1.1" 500 47
INFO 2024-01-15 22:59:24,386 autoreload D:\school_management\school\mbschool\views.py changed, reloading.
INFO 2024-01-15 22:59:25,161 autoreload Watching for file changes with StatReloader
INFO 2024-01-15 22:59:29,578 views Input - {'student_name': 'gauhar', 'student_email': 'gauhar@example.com'}
INFO 2024-01-15 22:59:29,596 views Saved record - {'id': 10, 'student_name': 'gauhar', 'student_email': 'gauhar@example.com', 'enrolled_year': '2024-01-15', 'student_status': True}
INFO 2024-01-15 22:59:29,597 basehttp "POST /mbschool/students/ HTTP/1.1" 201 133
INFO 2024-01-15 23:00:28,709 views Input - <QueryDict: {'course_name': ['azure']}>
INFO 2024-01-15 23:00:28,715 views Input - <QueryDict: {'student_name': ['gogo'], 'student_email': ['gogo@example.com']}>
INFO 2024-01-15 23:00:28,718 views Saved record - {'id': 1, 'student_name': 'gogo', 'student_email': 'gogo@example.com', 'enrolled_year': '2024-01-15', 'student_status': False}
INFO 2024-01-15 23:01:57,262 autoreload Watching for file changes with StatReloader
INFO 2024-01-15 23:02:01,409 views Input - {'student_name': 'gajodhar', 'student_email': 'gajodhar@example.com'}
INFO 2024-01-15 23:02:01,427 views Saved record - {'id': 11, 'student_name': 'gajodhar', 'student_email': 'gajodhar@example.com', 'enrolled_year': '2024-01-15', 'student_status': True, 'courses': []}
INFO 2024-01-15 23:02:01,429 basehttp "POST /mbschool/students/ HTTP/1.1" 201 150
INFO 2024-01-15 23:02:12,433 basehttp "GET /mbschool/students/ HTTP/1.1" 200 2060
INFO 2024-01-15 23:05:43,410 autoreload D:\school_management\school\mbschool\views.py changed, reloading.
INFO 2024-01-15 23:05:55,674 views Input - <QueryDict: {'course_name': ['azure']}>
INFO 2024-01-15 23:05:55,681 views Input - <QueryDict: {'student_name': ['gogo'], 'student_email': ['gogo@example.com']}>
INFO 2024-01-15 23:05:55,685 views Saved record - {'id': 1, 'student_name': 'gogo', 'student_email': 'gogo@example.com', 'enrolled_year': '2024-01-15', 'student_status': False, 'courses': []}
INFO 2024-01-15 23:10:36,048 views Input - <QueryDict: {'course_name': ['azure']}>
INFO 2024-01-15 23:10:36,063 views Input - <QueryDict: {'student_name': ['gogo'], 'student_email': ['*&^%$!$#@example.com']}>
ERROR 2024-01-15 23:10:36,064 views Invalid email id
WARNING 2024-01-15 23:10:36,065 log Not Acceptable: /mbschool/students/
INFO 2024-01-15 23:10:36,068 views Input - <QueryDict: {'student_name': ['*&^%$#@!'], 'student_email': ['gogo@example.com']}>
ERROR 2024-01-15 23:10:36,068 views Name should have characters only
WARNING 2024-01-15 23:10:36,069 log Not Acceptable: /mbschool/students/
INFO 2024-01-15 23:10:36,072 views Input - <QueryDict: {'student_name': ['gogo'], 'student_email': ['gogo@example.com']}>
INFO 2024-01-15 23:10:36,079 views Saved record - {'id': 1, 'student_name': 'gogo', 'student_email': 'gogo@example.com', 'enrolled_year': '2024-01-15', 'student_status': False, 'courses': []}
INFO 2024-01-15 23:16:19,655 views Input - <QueryDict: {'course_name': ['azure']}>
INFO 2024-01-15 23:16:19,659 views Input - <QueryDict: {'course_name': ['*&^%$#@']}>
ERROR 2024-01-15 23:16:19,659 views Name should have characters only
WARNING 2024-01-15 23:16:19,659 log Not Acceptable: /mbschool/courses/
INFO 2024-01-15 23:16:19,663 views Input - <QueryDict: {'student_name': ['gogo'], 'student_email': ['*&^%$!$#@example.com']}>
ERROR 2024-01-15 23:16:19,663 views Invalid email id
WARNING 2024-01-15 23:16:19,664 log Not Acceptable: /mbschool/students/
INFO 2024-01-15 23:16:19,665 views Input - <QueryDict: {'student_name': ['*&^%$#@!'], 'student_email': ['gogo@example.com']}>
ERROR 2024-01-15 23:16:19,665 views Name should have characters only
WARNING 2024-01-15 23:16:19,665 log Not Acceptable: /mbschool/students/
INFO 2024-01-15 23:16:19,667 views Input - <QueryDict: {'student_name': ['23456'], 'student_email': ['*&^%$!$#@example.com']}>
ERROR 2024-01-15 23:16:19,667 views Name should have characters only
WARNING 2024-01-15 23:16:19,667 log Not Acceptable: /mbschool/students/
INFO 2024-01-15 23:16:19,669 views Input - <QueryDict: {'student_name': ['gogo'], 'student_email': ['gogo@example.com']}>
INFO 2024-01-15 23:16:19,673 views Saved record - {'id': 1, 'student_name': 'gogo', 'student_email': 'gogo@example.com', 'enrolled_year': '2024-01-15', 'student_status': False, 'courses': []}
INFO 2024-01-15 23:17:36,087 autoreload Watching for file changes with StatReloader
INFO 2024-01-15 23:17:40,500 views Input - {'student_name': '', 'student_email': 'gajodhar1@example.com'}
ERROR 2024-01-15 23:17:40,506 views Error - {'student_name': [ErrorDetail(string='This field may not be blank.', code='blank')]}
WARNING 2024-01-15 23:17:40,506 log Bad Request: /mbschool/students/
WARNING 2024-01-15 23:17:40,507 basehttp "POST /mbschool/students/ HTTP/1.1" 400 59
INFO 2024-01-15 23:17:58,606 views Input - {'student_name': '', 'student_email': ''}
ERROR 2024-01-15 23:17:58,607 views Invalid email id
WARNING 2024-01-15 23:17:58,607 log Not Acceptable: /mbschool/students/
WARNING 2024-01-15 23:17:58,607 basehttp "POST /mbschool/students/ HTTP/1.1" 406 28
INFO 2024-01-15 23:19:38,285 views Input - <QueryDict: {'course_name': ['azure']}>
INFO 2024-01-15 23:19:38,289 views Input - <QueryDict: {'course_name': ['*&^%$#@']}>
ERROR 2024-01-15 23:19:38,289 views Name should have characters only
WARNING 2024-01-15 23:19:38,289 log Not Acceptable: /mbschool/courses/
INFO 2024-01-15 23:19:38,292 views Input - <QueryDict: {'student_name': ['gogo'], 'student_email': ['*&^%$!$#@example.com']}>
ERROR 2024-01-15 23:19:38,292 views Invalid email id
WARNING 2024-01-15 23:19:38,293 log Not Acceptable: /mbschool/students/
INFO 2024-01-15 23:19:38,294 views Input - <QueryDict: {'student_name': ['*&^%$#@!'], 'student_email': ['gogo@example.com']}>
ERROR 2024-01-15 23:19:38,294 views Name should have characters only
WARNING 2024-01-15 23:19:38,294 log Not Acceptable: /mbschool/students/
INFO 2024-01-15 23:19:38,296 views Input - <QueryDict: {}>
ERROR 2024-01-15 23:19:38,296 views An unexpected error occurred - 'student_name'
ERROR 2024-01-15 23:19:38,296 log Internal Server Error: /mbschool/students/
INFO 2024-01-15 23:19:38,298 views Input - <QueryDict: {'student_name': ['23456'], 'student_email': ['*&^%$!$#@example.com']}>
ERROR 2024-01-15 23:19:38,298 views Name should have characters only
WARNING 2024-01-15 23:19:38,298 log Not Acceptable: /mbschool/students/
INFO 2024-01-15 23:19:38,300 views Input - <QueryDict: {'student_name': ['gogo'], 'student_email': ['gogo@example.com']}>
INFO 2024-01-15 23:19:38,304 views Saved record - {'id': 1, 'student_name': 'gogo', 'student_email': 'gogo@example.com', 'enrolled_year': '2024-01-15', 'student_status': False, 'courses': []}
INFO 2024-01-15 23:22:13,964 views Input - <QueryDict: {'course_name': ['azure']}>
INFO 2024-01-15 23:22:13,969 views Input - <QueryDict: {'course_name': ['*&^%$#@']}>
ERROR 2024-01-15 23:22:13,969 views Name should have characters only
WARNING 2024-01-15 23:22:13,969 log Not Acceptable: /mbschool/courses/
INFO 2024-01-15 23:22:13,974 views Input - <QueryDict: {'student_name': ['gogo'], 'student_email': ['*&^%$!$#@example.com']}>
ERROR 2024-01-15 23:22:13,974 views Invalid email id
WARNING 2024-01-15 23:22:13,974 log Not Acceptable: /mbschool/students/
INFO 2024-01-15 23:22:13,976 views Input - <QueryDict: {'student_name': ['*&^%$#@!'], 'student_email': ['gogo@example.com']}>
ERROR 2024-01-15 23:22:13,976 views Name should have characters only
WARNING 2024-01-15 23:22:13,976 log Not Acceptable: /mbschool/students/
INFO 2024-01-15 23:22:13,977 views Input - <QueryDict: {'student_name': [''], 'student_email': ['gogo@example.com']}>
ERROR 2024-01-15 23:22:13,980 views Error - {'student_name': [ErrorDetail(string='This field may not be blank.', code='blank')]}
WARNING 2024-01-15 23:22:13,980 log Bad Request: /mbschool/students/
INFO 2024-01-15 23:22:13,982 views Input - <QueryDict: {'student_name': ['23456'], 'student_email': ['*&^%$!$#@example.com']}>
ERROR 2024-01-15 23:22:13,982 views Name should have characters only
WARNING 2024-01-15 23:22:13,982 log Not Acceptable: /mbschool/students/
INFO 2024-01-15 23:22:13,983 views Input - <QueryDict: {'student_name': ['gogo'], 'student_email': ['gogo@example.com']}>
INFO 2024-01-15 23:22:13,985 views Saved record - {'id': 1, 'student_name': 'gogo', 'student_email': 'gogo@example.com', 'enrolled_year': '2024-01-15', 'student_status': False, 'courses': []}
INFO 2024-01-15 23:23:24,237 views Input - <QueryDict: {'course_name': ['azure']}>
INFO 2024-01-15 23:23:24,242 views Input - <QueryDict: {'course_name': ['*&^%$#@']}>
ERROR 2024-01-15 23:23:24,243 views Name should have characters only
WARNING 2024-01-15 23:23:24,243 log Not Acceptable: /mbschool/courses/
INFO 2024-01-15 23:23:24,248 views Input - <QueryDict: {'student_name': ['gogo'], 'student_email': ['*&^%$!$#@example.com']}>
ERROR 2024-01-15 23:23:24,249 views Invalid email id
WARNING 2024-01-15 23:23:24,249 log Not Acceptable: /mbschool/students/
INFO 2024-01-15 23:23:24,252 views Input - <QueryDict: {'student_name': ['*&^%$#@!'], 'student_email': ['gogo@example.com']}>
ERROR 2024-01-15 23:23:24,252 views Name should have characters only
WARNING 2024-01-15 23:23:24,252 log Not Acceptable: /mbschool/students/
INFO 2024-01-15 23:23:24,255 views Input - <QueryDict: {'student_name': ['gogo'], 'student_email': ['']}>
ERROR 2024-01-15 23:23:24,255 views Invalid email id
WARNING 2024-01-15 23:23:24,256 log Not Acceptable: /mbschool/students/
INFO 2024-01-15 23:23:24,260 views Input - <QueryDict: {'student_name': ['23456'], 'student_email': ['*&^%$!$#@example.com']}>
ERROR 2024-01-15 23:23:24,260 views Name should have characters only
WARNING 2024-01-15 23:23:24,260 log Not Acceptable: /mbschool/students/
INFO 2024-01-15 23:23:24,263 views Input - <QueryDict: {'student_name': ['gogo'], 'student_email': ['gogo@example.com']}>
INFO 2024-01-15 23:23:24,273 views Saved record - {'id': 1, 'student_name': 'gogo', 'student_email': 'gogo@example.com', 'enrolled_year': '2024-01-15', 'student_status': False, 'courses': []}
INFO 2024-01-15 23:24:40,412 views Input - <QueryDict: {'course_name': ['azure']}>
INFO 2024-01-15 23:24:40,417 views Input - <QueryDict: {'course_name': ['*&^%$#@']}>
ERROR 2024-01-15 23:24:40,417 views Name should have characters only
WARNING 2024-01-15 23:24:40,417 log Not Acceptable: /mbschool/courses/
INFO 2024-01-15 23:24:40,420 views Input - <QueryDict: {'student_name': ['gogo'], 'student_email': ['*&^%$!$#@example.com']}>
ERROR 2024-01-15 23:24:40,421 views Invalid email id
WARNING 2024-01-15 23:24:40,421 log Not Acceptable: /mbschool/students/
INFO 2024-01-15 23:24:40,422 views Input - <QueryDict: {'student_name': ['*&^%$#@!'], 'student_email': ['gogo@example.com']}>
ERROR 2024-01-15 23:24:40,422 views Name should have characters only
WARNING 2024-01-15 23:24:40,423 log Not Acceptable: /mbschool/students/
INFO 2024-01-15 23:24:40,425 views Input - <QueryDict: {'student_name': ['gogo'], 'student_email': ['']}>
ERROR 2024-01-15 23:24:40,425 views Invalid email id
WARNING 2024-01-15 23:24:40,425 log Not Acceptable: /mbschool/students/
INFO 2024-01-15 23:24:40,427 views Input - <QueryDict: {'student_name': [''], 'student_email': ['gogo@example.com']}>
ERROR 2024-01-15 23:24:40,429 views Error - {'student_name': [ErrorDetail(string='This field may not be blank.', code='blank')]}
WARNING 2024-01-15 23:24:40,430 log Bad Request: /mbschool/students/
INFO 2024-01-15 23:24:40,431 views Input - <QueryDict: {'student_name': ['23456'], 'student_email': ['*&^%$!$#@example.com']}>
ERROR 2024-01-15 23:24:40,432 views Name should have characters only
WARNING 2024-01-15 23:24:40,432 log Not Acceptable: /mbschool/students/
INFO 2024-01-15 23:24:40,433 views Input - <QueryDict: {'student_name': ['gogo'], 'student_email': ['gogo@example.com']}>
INFO 2024-01-15 23:24:40,435 views Saved record - {'id': 1, 'student_name': 'gogo', 'student_email': 'gogo@example.com', 'enrolled_year': '2024-01-15', 'student_status': False, 'courses': []}
INFO 2024-01-15 23:27:06,870 views Input - <QueryDict: {'course_name': ['azure']}>
INFO 2024-01-15 23:27:06,874 views Input - <QueryDict: {'course_name': ['*&^%$#@']}>
ERROR 2024-01-15 23:27:06,875 views Name should have characters only
WARNING 2024-01-15 23:27:06,875 log Not Acceptable: /mbschool/courses/
INFO 2024-01-15 23:27:06,878 views Input - <QueryDict: {'student_name': ['gogo'], 'student_email': ['*&^%$!$#@example.com']}>
ERROR 2024-01-15 23:27:06,878 views Invalid email id
WARNING 2024-01-15 23:27:06,879 log Not Acceptable: /mbschool/students/
INFO 2024-01-15 23:27:06,880 views Input - <QueryDict: {'student_name': ['*&^%$#@!'], 'student_email': ['gogo@example.com']}>
ERROR 2024-01-15 23:27:06,880 views Name should have characters only
WARNING 2024-01-15 23:27:06,880 log Not Acceptable: /mbschool/students/
INFO 2024-01-15 23:27:06,882 views Input - <QueryDict: {'student_name': ['gogo'], 'student_email': ['']}>
ERROR 2024-01-15 23:27:06,882 views Invalid email id
WARNING 2024-01-15 23:27:06,882 log Not Acceptable: /mbschool/students/
INFO 2024-01-15 23:27:06,884 views Input - <QueryDict: {'student_name': [''], 'student_email': ['gogo@example.com']}>
ERROR 2024-01-15 23:27:06,887 views Error - {'student_name': [ErrorDetail(string='This field may not be blank.', code='blank')]}
WARNING 2024-01-15 23:27:06,887 log Bad Request: /mbschool/students/
INFO 2024-01-15 23:27:06,888 views Input - <QueryDict: {'student_name': ['23456'], 'student_email': ['*&^%$!$#@example.com']}>
ERROR 2024-01-15 23:27:06,889 views Name should have characters only
WARNING 2024-01-15 23:27:06,889 log Not Acceptable: /mbschool/students/
INFO 2024-01-15 23:27:06,890 views Input - <QueryDict: {'student_name': ['gogo'], 'student_email': ['gogo@example.com']}>
INFO 2024-01-15 23:27:06,892 views Saved record - {'id': 1, 'student_name': 'gogo', 'student_email': 'gogo@example.com', 'enrolled_year': '2024-01-15', 'student_status': False, 'courses': []}
INFO 2024-01-15 23:31:52,324 views Input - <QueryDict: {'course_name': ['azure']}>
INFO 2024-01-15 23:31:52,329 views Input - <QueryDict: {'course_name': ['*&^%$#@']}>
ERROR 2024-01-15 23:31:52,330 views Name should have characters only
WARNING 2024-01-15 23:31:52,330 log Not Acceptable: /mbschool/courses/
INFO 2024-01-15 23:31:52,333 views Input - <QueryDict: {'student_name': ['gogo'], 'student_email': ['*&^%$!$#@example.com']}>
ERROR 2024-01-15 23:31:52,333 views Invalid email id
WARNING 2024-01-15 23:31:52,333 log Not Acceptable: /mbschool/students/
INFO 2024-01-15 23:31:52,335 views Input - <QueryDict: {'student_name': ['*&^%$#@!'], 'student_email': ['gogo@example.com']}>
ERROR 2024-01-15 23:31:52,335 views Name should have characters only
WARNING 2024-01-15 23:31:52,335 log Not Acceptable: /mbschool/students/
INFO 2024-01-15 23:31:52,336 views Input - <QueryDict: {'student_name': ['gogo'], 'student_email': ['']}>
ERROR 2024-01-15 23:31:52,336 views Invalid email id
WARNING 2024-01-15 23:31:52,336 log Not Acceptable: /mbschool/students/
INFO 2024-01-15 23:31:52,338 views Input - <QueryDict: {'student_name': [''], 'student_email': ['gogo@example.com']}>
ERROR 2024-01-15 23:31:52,340 views Error - {'student_name': [ErrorDetail(string='This field may not be blank.', code='blank')]}
WARNING 2024-01-15 23:31:52,341 log Bad Request: /mbschool/students/
INFO 2024-01-15 23:31:52,343 views Input - <QueryDict: {'student_name': ['23456'], 'student_email': ['*&^%$!$#@example.com']}>
ERROR 2024-01-15 23:31:52,343 views Name should have characters only
WARNING 2024-01-15 23:31:52,343 log Not Acceptable: /mbschool/students/
INFO 2024-01-15 23:31:52,344 views Input - <QueryDict: {'student_name': ['gogo'], 'student_email': ['gogo@example.com']}>
INFO 2024-01-15 23:31:52,346 views Saved record - {'id': 1, 'student_name': 'gogo', 'student_email': 'gogo@example.com', 'enrolled_year': '2024-01-15', 'student_status': False, 'courses': []}
INFO 2024-01-15 23:31:52,351 views Input - <QueryDict: {'teacher_name': ['goga'], 'teacher_email': ['goga@example.com']}>
INFO 2024-01-15 23:36:16,060 views Input - <QueryDict: {'course_name': ['azure']}>
INFO 2024-01-15 23:36:16,064 views Input - <QueryDict: {'course_name': ['*&^%$#@']}>
ERROR 2024-01-15 23:36:16,064 views Name should have characters only
WARNING 2024-01-15 23:36:16,065 log Not Acceptable: /mbschool/courses/
INFO 2024-01-15 23:36:16,067 views Input - <QueryDict: {'student_name': ['gogo'], 'student_email': ['*&^%$!$#@example.com']}>
ERROR 2024-01-15 23:36:16,068 views Invalid email id
WARNING 2024-01-15 23:36:16,068 log Not Acceptable: /mbschool/students/
INFO 2024-01-15 23:36:16,069 views Input - <QueryDict: {'student_name': ['*&^%$#@!'], 'student_email': ['gogo@example.com']}>
ERROR 2024-01-15 23:36:16,069 views Name should have characters only
WARNING 2024-01-15 23:36:16,069 log Not Acceptable: /mbschool/students/
INFO 2024-01-15 23:36:16,071 views Input - <QueryDict: {'student_name': ['gogo'], 'student_email': ['']}>
ERROR 2024-01-15 23:36:16,071 views Invalid email id
WARNING 2024-01-15 23:36:16,071 log Not Acceptable: /mbschool/students/
INFO 2024-01-15 23:36:16,072 views Input - <QueryDict: {'student_name': [''], 'student_email': ['gogo@example.com']}>
ERROR 2024-01-15 23:36:16,075 views Error - {'student_name': [ErrorDetail(string='This field may not be blank.', code='blank')]}
WARNING 2024-01-15 23:36:16,075 log Bad Request: /mbschool/students/
INFO 2024-01-15 23:36:16,077 views Input - <QueryDict: {'student_name': ['23456'], 'student_email': ['*&^%$!$#@example.com']}>
ERROR 2024-01-15 23:36:16,077 views Name should have characters only
WARNING 2024-01-15 23:36:16,077 log Not Acceptable: /mbschool/students/
INFO 2024-01-15 23:36:16,078 views Input - <QueryDict: {'student_name': ['gogo'], 'student_email': ['gogo@example.com']}>
INFO 2024-01-15 23:36:16,080 views Saved record - {'id': 1, 'student_name': 'gogo', 'student_email': 'gogo@example.com', 'enrolled_year': '2024-01-15', 'student_status': False, 'courses': []}
INFO 2024-01-15 23:36:16,083 views Input - <QueryDict: {'teacher_name': ['goga'], 'teacher_email': ['*&^%$!$#@example.com']}>
ERROR 2024-01-15 23:36:16,083 views Invalid email id
WARNING 2024-01-15 23:36:16,084 log Not Acceptable: /mbschool/teachers/
INFO 2024-01-15 23:36:16,085 views Input - <QueryDict: {'teacher_name': ['*&^%$#@!'], 'teacher_email': ['goga@example.com']}>
ERROR 2024-01-15 23:36:16,085 views Name should have characters only
WARNING 2024-01-15 23:36:16,085 log Not Acceptable: /mbschool/teachers/
INFO 2024-01-15 23:36:16,086 views Input - <QueryDict: {'teacher_name': ['gogo'], 'teacher_email': ['']}>
ERROR 2024-01-15 23:36:16,086 views Invalid email id
WARNING 2024-01-15 23:36:16,086 log Not Acceptable: /mbschool/teachers/
INFO 2024-01-15 23:36:16,088 views Input - <QueryDict: {'teacher_name': [''], 'teacher_email': ['gogo@example.com']}>
ERROR 2024-01-15 23:36:16,089 views Error - {'teacher_name': [ErrorDetail(string='This field may not be blank.', code='blank')]}
WARNING 2024-01-15 23:36:16,089 log Bad Request: /mbschool/teachers/
INFO 2024-01-15 23:36:16,091 views Input - <QueryDict: {'teacher_name': ['23456'], 'teacher_email': ['*&^%$!$#@example.com']}>
ERROR 2024-01-15 23:36:16,091 views Name should have characters only
WARNING 2024-01-15 23:36:16,091 log Not Acceptable: /mbschool/teachers/
INFO 2024-01-15 23:36:16,092 views Input - <QueryDict: {'teacher_name': ['goga'], 'teacher_email': ['goga@example.com']}>
INFO 2024-01-15 23:59:24,151 views Input - <QueryDict: {'course_name': ['azure']}>
INFO 2024-01-15 23:59:24,156 views Input - <QueryDict: {'course_name': ['*&^%$#@']}>
ERROR 2024-01-15 23:59:24,156 views Name should have characters only
WARNING 2024-01-15 23:59:24,156 log Not Acceptable: /mbschool/courses/
INFO 2024-01-15 23:59:24,158 views Input - <QueryDict: {'student_name': ['gogo'], 'student_email': ['*&^%$!$#@example.com']}>
ERROR 2024-01-15 23:59:24,159 views Invalid email id
WARNING 2024-01-15 23:59:24,159 log Not Acceptable: /mbschool/students/
INFO 2024-01-15 23:59:24,160 views Input - <QueryDict: {'student_name': ['*&^%$#@!'], 'student_email': ['gogo@example.com']}>
ERROR 2024-01-15 23:59:24,160 views Name should have characters only
WARNING 2024-01-15 23:59:24,161 log Not Acceptable: /mbschool/students/
INFO 2024-01-15 23:59:24,162 views Input - <QueryDict: {'student_name': ['gogo'], 'student_email': ['']}>
ERROR 2024-01-15 23:59:24,162 views Invalid email id
WARNING 2024-01-15 23:59:24,162 log Not Acceptable: /mbschool/students/
INFO 2024-01-15 23:59:24,164 views Input - <QueryDict: {'student_name': [''], 'student_email': ['gogo@example.com']}>
ERROR 2024-01-15 23:59:24,166 views Error - {'student_name': [ErrorDetail(string='This field may not be blank.', code='blank')]}
WARNING 2024-01-15 23:59:24,167 log Bad Request: /mbschool/students/
INFO 2024-01-15 23:59:24,168 views Input - <QueryDict: {'student_name': ['23456'], 'student_email': ['*&^%$!$#@example.com']}>
ERROR 2024-01-15 23:59:24,168 views Name should have characters only
WARNING 2024-01-15 23:59:24,168 log Not Acceptable: /mbschool/students/
INFO 2024-01-15 23:59:24,169 views Input - <QueryDict: {'student_name': ['gogo'], 'student_email': ['gogo@example.com']}>
INFO 2024-01-15 23:59:24,172 views Saved record - {'id': 1, 'student_name': 'gogo', 'student_email': 'gogo@example.com', 'enrolled_year': '2024-01-15', 'student_status': False, 'courses': []}
INFO 2024-01-15 23:59:24,175 views Input - <QueryDict: {'teacher_name': ['goga'], 'teacher_email': ['*&^%$!$#@example.com']}>
ERROR 2024-01-15 23:59:24,175 views Invalid email id
WARNING 2024-01-15 23:59:24,175 log Not Acceptable: /mbschool/teachers/
INFO 2024-01-15 23:59:24,177 views Input - <QueryDict: {'teacher_name': ['*&^%$#@!'], 'teacher_email': ['goga@example.com']}>
ERROR 2024-01-15 23:59:24,177 views Name should have characters only
WARNING 2024-01-15 23:59:24,177 log Not Acceptable: /mbschool/teachers/
INFO 2024-01-15 23:59:24,178 views Input - <QueryDict: {'teacher_name': ['gogo'], 'teacher_email': ['']}>
ERROR 2024-01-15 23:59:24,178 views Invalid email id
WARNING 2024-01-15 23:59:24,179 log Not Acceptable: /mbschool/teachers/
INFO 2024-01-15 23:59:24,180 views Input - <QueryDict: {'teacher_name': [''], 'teacher_email': ['gogo@example.com']}>
ERROR 2024-01-15 23:59:24,181 views Error - {'teacher_name': [ErrorDetail(string='This field may not be blank.', code='blank')]}
WARNING 2024-01-15 23:59:24,181 log Bad Request: /mbschool/teachers/
INFO 2024-01-15 23:59:24,183 views Input - <QueryDict: {'teacher_name': ['23456'], 'teacher_email': ['*&^%$!$#@example.com']}>
ERROR 2024-01-15 23:59:24,183 views Name should have characters only
WARNING 2024-01-15 23:59:24,183 log Not Acceptable: /mbschool/teachers/
INFO 2024-01-15 23:59:24,184 views Input - <QueryDict: {'teacher_name': ['goga'], 'teacher_email': ['goga@example.com']}>
INFO 2024-01-16 00:02:27,844 views Input - <QueryDict: {'course_name': ['azure']}>
INFO 2024-01-16 00:02:27,849 views Input - <QueryDict: {'course_name': ['*&^%$#@']}>
ERROR 2024-01-16 00:02:27,849 views Name should have characters only
WARNING 2024-01-16 00:02:27,849 log Not Acceptable: /mbschool/courses/
INFO 2024-01-16 00:02:27,853 views Input - <QueryDict: {'student_name': ['gogo'], 'student_email': ['*&^%$!$#@example.com']}>
ERROR 2024-01-16 00:02:27,853 views Invalid email id
WARNING 2024-01-16 00:02:27,853 log Not Acceptable: /mbschool/students/
INFO 2024-01-16 00:02:27,855 views Input - <QueryDict: {'student_name': ['*&^%$#@!'], 'student_email': ['gogo@example.com']}>
ERROR 2024-01-16 00:02:27,855 views Name should have characters only
WARNING 2024-01-16 00:02:27,855 log Not Acceptable: /mbschool/students/
INFO 2024-01-16 00:02:27,857 views Input - <QueryDict: {'student_name': ['gogo'], 'student_email': ['']}>
ERROR 2024-01-16 00:02:27,857 views Invalid email id
WARNING 2024-01-16 00:02:27,857 log Not Acceptable: /mbschool/students/
INFO 2024-01-16 00:02:27,858 views Input - <QueryDict: {'student_name': [''], 'student_email': ['gogo@example.com']}>
ERROR 2024-01-16 00:02:27,861 views Error - {'student_name': [ErrorDetail(string='This field may not be blank.', code='blank')]}
WARNING 2024-01-16 00:02:27,861 log Bad Request: /mbschool/students/
INFO 2024-01-16 00:02:27,863 views Input - <QueryDict: {'student_name': ['23456'], 'student_email': ['*&^%$!$#@example.com']}>
ERROR 2024-01-16 00:02:27,863 views Name should have characters only
WARNING 2024-01-16 00:02:27,863 log Not Acceptable: /mbschool/students/
INFO 2024-01-16 00:02:27,865 views Input - <QueryDict: {'student_name': ['gogo'], 'student_email': ['gogo@example.com']}>
INFO 2024-01-16 00:02:27,867 views Saved record - {'id': 1, 'student_name': 'gogo', 'student_email': 'gogo@example.com', 'enrolled_year': '2024-01-16', 'student_status': False, 'courses': []}
INFO 2024-01-16 00:02:27,872 views Input - <QueryDict: {'teacher_name': ['goga'], 'teacher_email': ['*&^%$!$#@example.com']}>
ERROR 2024-01-16 00:02:27,872 views Invalid email id
WARNING 2024-01-16 00:02:27,872 log Not Acceptable: /mbschool/teachers/
INFO 2024-01-16 00:02:27,875 views Input - <QueryDict: {'teacher_name': ['*&^%$#@!'], 'teacher_email': ['goga@example.com']}>
ERROR 2024-01-16 00:02:27,876 views Name should have characters only
WARNING 2024-01-16 00:02:27,876 log Not Acceptable: /mbschool/teachers/
INFO 2024-01-16 00:02:27,877 views Input - <QueryDict: {'teacher_name': ['gogo'], 'teacher_email': ['']}>
ERROR 2024-01-16 00:02:27,877 views Invalid email id
WARNING 2024-01-16 00:02:27,878 log Not Acceptable: /mbschool/teachers/
INFO 2024-01-16 00:02:27,880 views Input - <QueryDict: {'teacher_name': [''], 'teacher_email': ['gogo@example.com']}>
ERROR 2024-01-16 00:02:27,882 views Error - {'teacher_name': [ErrorDetail(string='This field may not be blank.', code='blank')]}
WARNING 2024-01-16 00:02:27,882 log Bad Request: /mbschool/teachers/
INFO 2024-01-16 00:02:27,884 views Input - <QueryDict: {'teacher_name': ['23456'], 'teacher_email': ['*&^%$!$#@example.com']}>
ERROR 2024-01-16 00:02:27,884 views Name should have characters only
WARNING 2024-01-16 00:02:27,884 log Not Acceptable: /mbschool/teachers/
INFO 2024-01-16 00:02:27,886 views Input - <QueryDict: {'teacher_name': ['goga'], 'teacher_email': ['goga@example.com']}>
